2295481
2300665
2347506
2350165
2359305
2362000
2363913
2364916
2367832
2388568
2391484
2392137
2394400
2396745
2401042
2415136
2418052
2420968
2434342
2439445
2442442
2450542
2488945
2494129
2515513
2576758
2585488
2593206
2598232
2601148
2604064
2624800
2627716
2630632
2651368
2654284
2657200
2756120
2913368
2985892
3027758
3080174
3097903
3106013
3114113
3122213
3129213
3145731
3148803
3158787
3161859
3163613
3171713
3195075
3198147
3208131
3211203
3303033
3314083
3316520
3342387
3344352
3345459
3355443
3358515
3360633
3391731
3394803
3404787
3407859
3501600
3519339
3826283
3866683
3932175
3935247
3945231
3948303
3981519
3984591
3994575
3997647
4022204
4084000
4128831
4131903
4141887
4144959
4178175
4181247
4191231
4194303
4194305
4198914
4199425
4210945
4216065
4219124
4232324
4251524
4251536
4252232
4254452
4257368
4259905
4265025
4265624
4276545
4278104
4281020
4281665
4283936
4287824
4298924
4304672
4307588
4310504
4456465
4461585
4473105
